<?xml version="1.0" encoding="UTF-8"?>
<testsuite xmlns:xsi="http://www.w3.org/2001/XMLSchema-instance" xsi:noNamespaceSchemaLocation="https://maven.apache.org/surefire/maven-surefire-plugin/xsd/surefire-test-report.xsd" name="com.example.cinema.test.StatisticsServiceImplTest" time="32.115" tests="6" errors="0" skipped="0" failures="0">
  <properties>
[...]
</properties>
  <testcase name="getScheduleRateByDate" classname="com.example.cinema.test.StatisticsServiceImplTest" time="0.925"/>
  <testcase name="getNumDayAfterDate" classname="com.example.cinema.test.StatisticsServiceImplTest" time="0"/>
  <testcase name="getAudiencePriceSevenDays" classname="com.example.cinema.test.StatisticsServiceImplTest" time="0"/>
  <testcase name="getPopularMovies" classname="com.example.cinema.test.StatisticsServiceImplTest" time="0.002"/>
  <testcase name="getTotalBoxOffice" classname="com.example.cinema.test.StatisticsServiceImplTest" time="0.004"/>
  <testcase name="getMoviePlacingRateByDate" classname="com.example.cinema.test.StatisticsServiceImplTest" time="0.004"/>
</testsuite>